Determining if the pthread_create exist failed with the following output:
Change Dir: /home/nvidia/temp_zy/arm_temp/build/CMakeFiles/CMakeTmp

Run Build Command:"/usr/bin/make" "cmTC_23e4d/fast"
/usr/bin/make -f CMakeFiles/cmTC_23e4d.dir/build.make CMakeFiles/cmTC_23e4d.dir/build
make[1]: Entering directory '/home/nvidia/temp_zy/arm_temp/build/CMakeFiles/CMakeTmp'
Building C object CMakeFiles/cmTC_23e4d.dir/CheckSymbolExists.c.o
/usr/bin/cc   -fPIC    -o CMakeFiles/cmTC_23e4d.dir/CheckSymbolExists.c.o   -c /home/nvidia/temp_zy/arm_temp/build/CMakeFiles/CMakeTmp/CheckSymbolExists.c
Linking C executable cmTC_23e4d
/usr/bin/cmake -E cmake_link_script CMakeFiles/cmTC_23e4d.dir/link.txt --verbose=1
/usr/bin/cc -fPIC     -rdynamic CMakeFiles/cmTC_23e4d.dir/CheckSymbolExists.c.o  -o cmTC_23e4d 
CMakeFiles/cmTC_23e4d.dir/CheckSymbolExists.c.o: In function `main':
CheckSymbolExists.c:(.text+0x14): undefined reference to `pthread_create'
CheckSymbolExists.c:(.text+0x18): undefined reference to `pthread_create'
collect2: error: ld returned 1 exit status
CMakeFiles/cmTC_23e4d.dir/build.make:97: recipe for target 'cmTC_23e4d' failed
make[1]: *** [cmTC_23e4d] Error 1
make[1]: Leaving directory '/home/nvidia/temp_zy/arm_temp/build/CMakeFiles/CMakeTmp'
Makefile:126: recipe for target 'cmTC_23e4d/fast' failed
make: *** [cmTC_23e4d/fast] Error 2

File /home/nvidia/temp_zy/arm_temp/build/CMakeFiles/CMakeTmp/CheckSymbolExists.c:
/* */
#include <pthread.h>

int main(int argc, char** argv)
{
  (void)argv;
#ifndef pthread_create
  return ((int*)(&pthread_create))[argc];
#else
  (void)argc;
  return 0;
#endif
}

Determining if the function pthread_create exists in the pthreads failed with the following output:
Change Dir: /home/nvidia/temp_zy/arm_temp/build/CMakeFiles/CMakeTmp

Run Build Command:"/usr/bin/make" "cmTC_324ef/fast"
/usr/bin/make -f CMakeFiles/cmTC_324ef.dir/build.make CMakeFiles/cmTC_324ef.dir/build
make[1]: Entering directory '/home/nvidia/temp_zy/arm_temp/build/CMakeFiles/CMakeTmp'
Building C object CMakeFiles/cmTC_324ef.dir/CheckFunctionExists.c.o
/usr/bin/cc   -fPIC -DCHECK_FUNCTION_EXISTS=pthread_create   -o CMakeFiles/cmTC_324ef.dir/CheckFunctionExists.c.o   -c /usr/share/cmake-3.10/Modules/CheckFunctionExists.c
Linking C executable cmTC_324ef
/usr/bin/cmake -E cmake_link_script CMakeFiles/cmTC_324ef.dir/link.txt --verbose=1
/usr/bin/cc -fPIC -DCHECK_FUNCTION_EXISTS=pthread_create    -rdynamic CMakeFiles/cmTC_324ef.dir/CheckFunctionExists.c.o  -o cmTC_324ef -lpthreads 
/usr/bin/ld: cannot find -lpthreads
collect2: error: ld returned 1 exit status
CMakeFiles/cmTC_324ef.dir/build.make:97: recipe for target 'cmTC_324ef' failed
make[1]: *** [cmTC_324ef] Error 1
make[1]: Leaving directory '/home/nvidia/temp_zy/arm_temp/build/CMakeFiles/CMakeTmp'
Makefile:126: recipe for target 'cmTC_324ef/fast' failed
make: *** [cmTC_324ef/fast] Error 2


